
  .   ____          _            __ _ _
 /\\ / ___'_ __ _ _(_)_ __  __ _ \ \ \ \
( ( )\___ | '_ | '_| | '_ \/ _` | \ \ \ \
 \\/  ___)| |_)| | | | | || (_| |  ) ) ) )
  '  |____| .__|_| |_|_| |_\__, | / / / /
 =========|_|==============|___/=/_/_/_/
 :: Spring Boot ::                (v3.2.0)

2026-04-06T06:03:52.812+05:30  INFO 9016 --- [           main] c.interviewsim.InterviewSimApplication   : Starting InterviewSimApplication v1.0.0 using Java 25.0.1 with PID 9016 (C:\html\interviewsim\backend\target\interviewsim-backend-1.0.0.jar started by HP in C:\html\interviewsim\backend)
2026-04-06T06:03:52.815+05:30 DEBUG 9016 --- [           main] c.interviewsim.InterviewSimApplication   : Running with Spring Boot v3.2.0, Spring v6.1.1
2026-04-06T06:03:52.817+05:30  INFO 9016 --- [           main] c.interviewsim.InterviewSimApplication   : No active profile set, falling back to 1 default profile: "default"
2026-04-06T06:03:53.949+05:30  INFO 9016 --- [           main] .s.d.r.c.RepositoryConfigurationDelegate : Bootstrapping Spring Data MongoDB repositories in DEFAULT mode.
2026-04-06T06:03:54.034+05:30  INFO 9016 --- [           main] .s.d.r.c.RepositoryConfigurationDelegate : Finished Spring Data repository scanning in 77 ms. Found 10 MongoDB repository interfaces.
2026-04-06T06:03:54.718+05:30  INFO 9016 --- [           main] o.s.b.w.embedded.tomcat.TomcatWebServer  : Tomcat initialized with port 8080 (http)
2026-04-06T06:03:54.730+05:30  INFO 9016 --- [           main] o.apache.catalina.core.StandardService   : Starting service [Tomcat]
2026-04-06T06:03:54.731+05:30  INFO 9016 --- [           main] o.apache.catalina.core.StandardEngine    : Starting Servlet engine: [Apache Tomcat/10.1.16]
2026-04-06T06:03:54.777+05:30  INFO 9016 --- [           main] o.a.c.c.C.[Tomcat].[localhost].[/]       : Initializing Spring embedded WebApplicationContext
2026-04-06T06:03:54.778+05:30  INFO 9016 --- [           main] w.s.c.ServletWebServerApplicationContext : Root WebApplicationContext: initialization completed in 1859 ms
2026-04-06T06:03:54.969+05:30  INFO 9016 --- [           main] org.mongodb.driver.client                : MongoClient with metadata {"driver": {"name": "mongo-java-driver|sync|spring-boot", "version": "4.11.1"}, "os": {"type": "Windows", "name": "Windows 10", "architecture": "amd64", "version": "10.0"}, "platform": "Java/Oracle Corporation/25.0.1+8-LTS-27"} created with settings MongoClientSettings{readPreference=primary, writeConcern=WriteConcern{w=null, wTimeout=null ms, journal=null}, retryWrites=true, retryReads=true, readConcern=ReadConcern{level=null}, credential=null, transportSettings=null, streamFactoryFactory=null, commandListeners=[], codecRegistry=ProvidersCodecRegistry{codecProviders=[ValueCodecProvider{}, BsonValueCodecProvider{}, DBRefCodecProvider{}, DBObjectCodecProvider{}, DocumentCodecProvider{}, CollectionCodecProvider{}, IterableCodecProvider{}, MapCodecProvider{}, GeoJsonCodecProvider{}, GridFSFileCodecProvider{}, Jsr310CodecProvider{}, JsonObjectCodecProvider{}, BsonCodecProvider{}, EnumCodecProvider{}, com.mongodb.client.model.mql.ExpressionCodecProvider@18d003cd, com.mongodb.Jep395RecordCodecProvider@3135bf25, com.mongodb.KotlinCodecProvider@22ad1bae]}, loggerSettings=LoggerSettings{maxDocumentLength=1000}, clusterSettings={hosts=[127.0.0.1:27017], srvServiceName=mongodb, mode=SINGLE, requiredClusterType=UNKNOWN, requiredReplicaSetName='null', serverSelector='null', clusterListeners='[]', serverSelectionTimeout='30000 ms', localThreshold='15 ms'}, socketSettings=SocketSettings{connectTimeoutMS=10000, readTimeoutMS=0, receiveBufferSize=0, proxySettings=ProxySettings{host=null, port=null, username=null, password=null}}, heartbeatSocketSettings=SocketSettings{connectTimeoutMS=10000, readTimeoutMS=10000, receiveBufferSize=0, proxySettings=ProxySettings{host=null, port=null, username=null, password=null}}, connectionPoolSettings=ConnectionPoolSettings{maxSize=100, minSize=0, maxWaitTimeMS=120000, maxConnectionLifeTimeMS=0, maxConnectionIdleTimeMS=0, maintenanceInitialDelayMS=0, maintenanceFrequencyMS=60000, connectionPoolListeners=[], maxConnecting=2}, serverSettings=ServerSettings{heartbeatFrequencyMS=10000, minHeartbeatFrequencyMS=500, serverListeners='[]', serverMonitorListeners='[]'}, sslSettings=SslSettings{enabled=false, invalidHostNameAllowed=false, context=null}, applicationName='null', compressorList=[], uuidRepresentation=JAVA_LEGACY, serverApi=null, autoEncryptionSettings=null, dnsClient=null, inetAddressResolver=null, contextProvider=null}
2026-04-06T06:03:55.030+05:30  INFO 9016 --- [127.0.0.1:27017] org.mongodb.driver.cluster               : Monitor thread successfully connected to server with description ServerDescription{address=127.0.0.1:27017, type=STANDALONE, state=CONNECTED, ok=true, minWireVersion=0, maxWireVersion=27, maxDocumentSize=16777216, logicalSessionTimeoutMinutes=30, roundTripTimeNanos=58737500}
2026-04-06T06:03:55.548+05:30 DEBUG 9016 --- [           main] c.interviewsim.security.JwtAuthFilter    : Filter 'jwtAuthFilter' configured for use
2026-04-06T06:03:56.508+05:30  INFO 9016 --- [           main] o.s.b.w.embedded.tomcat.TomcatWebServer  : Tomcat started on port 8080 (http) with context path ''
2026-04-06T06:03:56.522+05:30  INFO 9016 --- [           main] c.interviewsim.InterviewSimApplication   : Started InterviewSimApplication in 4.372 seconds (process running for 5.038)
????????????????????????????????????????????
?   InterviewSimPro Backend Running ?      ?
?   http://localhost:8080                   ?
????????????????????????????????????????????
2026-04-06T06:03:59.498+05:30  INFO 9016 --- [nio-8080-exec-1] o.a.c.c.C.[Tomcat].[localhost].[/]       : Initializing Spring DispatcherServlet 'dispatcherServlet'
2026-04-06T06:03:59.499+05:30  INFO 9016 --- [nio-8080-exec-1] o.s.web.servlet.DispatcherServlet        : Initializing Servlet 'dispatcherServlet'
2026-04-06T06:03:59.501+05:30  INFO 9016 --- [nio-8080-exec-1] o.s.web.servlet.DispatcherServlet        : Completed initialization in 0 ms
2026-04-06T06:03:59.521+05:30  WARN 9016 --- [nio-8080-exec-1] o.s.w.s.h.HandlerMappingIntrospector     : Cache miss for REQUEST dispatch to '/api/admin-auth/login' (previous null). Performing MatchableHandlerMapping lookup. This is logged once only at WARN level, and every time at TRACE.
2026-04-06T06:03:59.694+05:30 DEBUG 9016 --- [nio-8080-exec-1] com.interviewsim.services.AuthService    : Admin login attempt. requestEmail=diliprbtech24@rvu.edu.in, configuredAdminEmail=diliprbtech24@rvu.edu.in, hasPlainPassword=true, hasBcryptPassword=false
2026-04-06T06:03:59.941+05:30 DEBUG 9016 --- [nio-8080-exec-1] com.interviewsim.services.AuthService    : Admin user exists. passwordMatchesStored=true
